<?xml version="1.0" encoding="UTF-8"?>
<!-- Generated by org.testng.reporters.JUnitXMLReporter -->
<testsuite ignored="0" hostname="mincards" failures="1" tests="2" name="Regression Tests" time="70.742" errors="0" timestamp="2026-04-09T11:39:44 GMT+04:00">
  <testcase classname="tests.TC01_RegisterUser" name="registerUser" time="33.291"/>
  <testcase classname="tests.TC03_DeleteAccount" name="deleteAccount" time="21.587">
    <failure type="java.lang.AssertionError" message="null">
      <![CDATA[java.lang.AssertionError: null
at tests.TC03_DeleteAccount.deleteAccount(TC03_DeleteAccount.java:28)
at java.base/java.util.ArrayList.forEach(ArrayList.java:1612)
at java.base/java.util.concurrent.FutureTask.run(FutureTask.java:330)
at java.base/java.util.concurrent.ThreadPoolExecutor.runWorker(ThreadPoolExecutor.java:1090)
at java.base/java.util.concurrent.ThreadPoolExecutor$Worker.run(ThreadPoolExecutor.java:614)
at java.base/java.lang.Thread.run(Thread.java:1516)
... Removed 17 stack frames]]>
    </failure>
  </testcase> <!-- deleteAccount -->
</testsuite> <!-- Regression Tests -->
