<?xml version="1.0" encoding="UTF-8"?>
<testng-results ignored="0" total="2" passed="2" failed="0" skipped="0">
  <reporter-output>
  </reporter-output>
  <suite started-at="2026-04-09T10:56:25 GMT+04:00" name="Automation Suite" finished-at="2026-04-09T10:57:46 GMT+04:00" duration-ms="80863">
    <groups>
    </groups>
    <test started-at="2026-04-09T10:56:25 GMT+04:00" name="Regression Tests" finished-at="2026-04-09T10:57:46 GMT+04:00" duration-ms="80863">
      <class name="tests.TC03_DeleteAccount">
        <test-method is-config="true" signature="setup(java.lang.String)[pri:0, instance:tests.TC03_DeleteAccount@68d279ec]" started-at="2026-04-09T10:57:13 GMT+04:00" name="setup" finished-at="2026-04-09T10:57:21 GMT+04:00" duration-ms="8095" status="PASS">
          <params>
            <param index="0">
              <value is-null="true"/>
            </param>
          </params>
          <reporter-output>
          </reporter-output>
        </test-method> <!-- setup -->
        <test-method signature="deleteAccount()[pri:0, instance:tests.TC03_DeleteAccount@68d279ec]" started-at="2026-04-09T10:57:21 GMT+04:00" name="deleteAccount" finished-at="2026-04-09T10:57:46 GMT+04:00" duration-ms="24564" status="PASS">
          <reporter-output>
          </reporter-output>
        </test-method> <!-- deleteAccount -->
        <test-method is-config="true" signature="tearDown()[pri:0, instance:tests.TC03_DeleteAccount@68d279ec]" started-at="2026-04-09T10:57:46 GMT+04:00" name="tearDown" finished-at="2026-04-09T10:57:46 GMT+04:00" duration-ms="272" status="PASS">
          <reporter-output>
          </reporter-output>
        </test-method> <!-- tearDown -->
      </class> <!-- tests.TC03_DeleteAccount -->
      <class name="tests.TC01_RegisterUser">
        <test-method is-config="true" signature="setup(java.lang.String)[pri:0, instance:tests.TC01_RegisterUser@7e19ebf0]" started-at="2026-04-09T10:56:25 GMT+04:00" name="setup" finished-at="2026-04-09T10:56:34 GMT+04:00" duration-ms="9214" status="PASS">
          <params>
            <param index="0">
              <value is-null="true"/>
            </param>
          </params>
          <reporter-output>
          </reporter-output>
        </test-method> <!-- setup -->
        <test-method signature="registerUser()[pri:0, instance:tests.TC01_RegisterUser@7e19ebf0]" started-at="2026-04-09T10:56:34 GMT+04:00" name="registerUser" finished-at="2026-04-09T10:57:13 GMT+04:00" duration-ms="38216" status="PASS">
          <reporter-output>
          </reporter-output>
        </test-method> <!-- registerUser -->
        <test-method is-config="true" signature="tearDown()[pri:0, instance:tests.TC01_RegisterUser@7e19ebf0]" started-at="2026-04-09T10:57:13 GMT+04:00" name="tearDown" finished-at="2026-04-09T10:57:13 GMT+04:00" duration-ms="430" status="PASS">
          <reporter-output>
          </reporter-output>
        </test-method> <!-- tearDown -->
      </class> <!-- tests.TC01_RegisterUser -->
    </test> <!-- Regression Tests -->
  </suite> <!-- Automation Suite -->
</testng-results>
